{"/home/cedric/IdeaProjects/webe-space-invaders-multiplayer/modules/bonus.js": {"path":"/home/cedric/IdeaProjects/webe-space-invaders-multiplayer/modules/bonus.js","statementMap":{"0":{"start":{"line":4,"column":18},"end":{"line":4,"column":43}},"1":{"start":{"line":5,"column":24},"end":{"line":5,"column":27}},"2":{"start":{"line":6,"column":21},"end":{"line":6,"column":23}},"3":{"start":{"line":11,"column":27},"end":{"line":11,"column":58}},"4":{"start":{"line":12,"column":8},"end":{"line":12,"column":52}},"5":{"start":{"line":13,"column":8},"end":{"line":13,"column":36}},"6":{"start":{"line":14,"column":8},"end":{"line":14,"column":40}},"7":{"start":{"line":15,"column":8},"end":{"line":15,"column":25}},"8":{"start":{"line":16,"column":8},"end":{"line":16,"column":25}},"9":{"start":{"line":17,"column":8},"end":{"line":17,"column":82}},"10":{"start":{"line":18,"column":8},"end":{"line":18,"column":44}},"11":{"start":{"line":22,"column":8},"end":{"line":22,"column":25}},"12":{"start":{"line":23,"column":8},"end":{"line":25,"column":9}},"13":{"start":{"line":24,"column":12},"end":{"line":24,"column":26}},"14":{"start":{"line":29,"column":19},"end":{"line":29,"column":59}},"15":{"start":{"line":30,"column":8},"end":{"line":34,"column":9}},"16":{"start":{"line":31,"column":12},"end":{"line":31,"column":29}},"17":{"start":{"line":32,"column":12},"end":{"line":32,"column":59}},"18":{"start":{"line":33,"column":12},"end":{"line":33,"column":24}},"19":{"start":{"line":35,"column":8},"end":{"line":35,"column":21}},"20":{"start":{"line":39,"column":22},"end":{"line":39,"column":52}},"21":{"start":{"line":40,"column":8},"end":{"line":44,"column":9}},"22":{"start":{"line":41,"column":12},"end":{"line":41,"column":46}},"23":{"start":{"line":42,"column":31},"end":{"line":42,"column":62}},"24":{"start":{"line":43,"column":12},"end":{"line":43,"column":48}},"25":{"start":{"line":48,"column":22},"end":{"line":48,"column":57}},"26":{"start":{"line":49,"column":22},"end":{"line":49,"column":71}},"27":{"start":{"line":50,"column":8},"end":{"line":58,"column":9}},"28":{"start":{"line":51,"column":12},"end":{"line":55,"column":15}},"29":{"start":{"line":56,"column":12},"end":{"line":56,"column":52}},"30":{"start":{"line":57,"column":12},"end":{"line":57,"column":26}},"31":{"start":{"line":63,"column":8},"end":{"line":63,"column":24}}},"fnMap":{"0":{"name":"(anonymous_0)","decl":{"start":{"line":10,"column":4},"end":{"line":10,"column":5}},"loc":{"start":{"line":10,"column":28},"end":{"line":19,"column":5}},"line":10},"1":{"name":"(anonymous_1)","decl":{"start":{"line":21,"column":4},"end":{"line":21,"column":5}},"loc":{"start":{"line":21,"column":23},"end":{"line":26,"column":5}},"line":21},"2":{"name":"(anonymous_2)","decl":{"start":{"line":28,"column":4},"end":{"line":28,"column":5}},"loc":{"start":{"line":28,"column":21},"end":{"line":36,"column":5}},"line":28},"3":{"name":"(anonymous_3)","decl":{"start":{"line":38,"column":4},"end":{"line":38,"column":5}},"loc":{"start":{"line":38,"column":13},"end":{"line":45,"column":5}},"line":38},"4":{"name":"(anonymous_4)","decl":{"start":{"line":47,"column":4},"end":{"line":47,"column":5}},"loc":{"start":{"line":47,"column":16},"end":{"line":60,"column":5}},"line":47},"5":{"name":"(anonymous_5)","decl":{"start":{"line":62,"column":4},"end":{"line":62,"column":5}},"loc":{"start":{"line":62,"column":30},"end":{"line":64,"column":5}},"line":62}},"branchMap":{"0":{"loc":{"start":{"line":23,"column":8},"end":{"line":25,"column":9}},"type":"if","locations":[{"start":{"line":23,"column":8},"end":{"line":25,"column":9}},{"start":{"line":23,"column":8},"end":{"line":25,"column":9}}],"line":23},"1":{"loc":{"start":{"line":30,"column":8},"end":{"line":34,"column":9}},"type":"if","locations":[{"start":{"line":30,"column":8},"end":{"line":34,"column":9}},{"start":{"line":30,"column":8},"end":{"line":34,"column":9}}],"line":30},"2":{"loc":{"start":{"line":40,"column":8},"end":{"line":44,"column":9}},"type":"if","locations":[{"start":{"line":40,"column":8},"end":{"line":44,"column":9}},{"start":{"line":40,"column":8},"end":{"line":44,"column":9}}],"line":40},"3":{"loc":{"start":{"line":50,"column":8},"end":{"line":58,"column":9}},"type":"if","locations":[{"start":{"line":50,"column":8},"end":{"line":58,"column":9}},{"start":{"line":50,"column":8},"end":{"line":58,"column":9}}],"line":50}},"s":{"0":1,"1":1,"2":1,"3":0,"4":0,"5":0,"6":0,"7":0,"8":0,"9":0,"10":0,"11":0,"12":0,"13":0,"14":0,"15":0,"16":0,"17":0,"18":0,"19":0,"20":0,"21":0,"22":0,"23":0,"24":0,"25":0,"26":0,"27":0,"28":0,"29":0,"30":0,"31":0},"f":{"0":0,"1":0,"2":0,"3":0,"4":0,"5":0},"b":{"0":[0,0],"1":[0,0],"2":[0,0],"3":[0,0]},"_coverageSchema":"1a1c01bbd47fc00a2c39e90264f33305004495a9","hash":"40be66cf81f5965218860dd562da6d964338a9cb"}
,"/home/cedric/IdeaProjects/webe-space-invaders-multiplayer/modules/constants.js": {"path":"/home/cedric/IdeaProjects/webe-space-invaders-multiplayer/modules/constants.js","statementMap":{"0":{"start":{"line":1,"column":29},"end":{"line":1,"column":31}},"1":{"start":{"line":2,"column":30},"end":{"line":2,"column":32}},"2":{"start":{"line":3,"column":27},"end":{"line":3,"column":29}},"3":{"start":{"line":4,"column":29},"end":{"line":4,"column":31}},"4":{"start":{"line":5,"column":28},"end":{"line":5,"column":30}}},"fnMap":{},"branchMap":{},"s":{"0":1,"1":1,"2":1,"3":1,"4":1},"f":{},"b":{},"_coverageSchema":"1a1c01bbd47fc00a2c39e90264f33305004495a9","hash":"7aa4ab023dd0ec51a616cad41594d523fd4f5e85"}
,"/home/cedric/IdeaProjects/webe-space-invaders-multiplayer/modules/enemiesEngine.js": {"path":"/home/cedric/IdeaProjects/webe-space-invaders-multiplayer/modules/enemiesEngine.js","statementMap":{"0":{"start":{"line":4,"column":40},"end":{"line":4,"column":42}},"1":{"start":{"line":6,"column":29},"end":{"line":10,"column":1}},"2":{"start":{"line":15,"column":8},"end":{"line":18,"column":9}},"3":{"start":{"line":16,"column":12},"end":{"line":16,"column":25}},"4":{"start":{"line":17,"column":12},"end":{"line":17,"column":41}},"5":{"start":{"line":19,"column":8},"end":{"line":21,"column":9}},"6":{"start":{"line":19,"column":21},"end":{"line":19,"column":22}},"7":{"start":{"line":20,"column":12},"end":{"line":20,"column":56}},"8":{"start":{"line":22,"column":8},"end":{"line":24,"column":9}},"9":{"start":{"line":22,"column":21},"end":{"line":22,"column":22}},"10":{"start":{"line":23,"column":12},"end":{"line":23,"column":55}},"11":{"start":{"line":25,"column":8},"end":{"line":25,"column":54}},"12":{"start":{"line":29,"column":8},"end":{"line":29,"column":44}},"13":{"start":{"line":35,"column":17},"end":{"line":35,"column":72}},"14":{"start":{"line":36,"column":18},"end":{"line":36,"column":36}},"15":{"start":{"line":37,"column":4},"end":{"line":37,"column":38}},"16":{"start":{"line":38,"column":23},"end":{"line":38,"column":54}},"17":{"start":{"line":39,"column":4},"end":{"line":39,"column":41}}},"fnMap":{"0":{"name":"(anonymous_0)","decl":{"start":{"line":14,"column":4},"end":{"line":14,"column":5}},"loc":{"start":{"line":14,"column":23},"end":{"line":26,"column":5}},"line":14},"1":{"name":"(anonymous_1)","decl":{"start":{"line":28,"column":4},"end":{"line":28,"column":5}},"loc":{"start":{"line":28,"column":28},"end":{"line":30,"column":5}},"line":28},"2":{"name":"spawnEnemy","decl":{"start":{"line":34,"column":9},"end":{"line":34,"column":19}},"loc":{"start":{"line":34,"column":22},"end":{"line":40,"column":1}},"line":34}},"branchMap":{"0":{"loc":{"start":{"line":15,"column":8},"end":{"line":18,"column":9}},"type":"if","locations":[{"start":{"line":15,"column":8},"end":{"line":18,"column":9}},{"start":{"line":15,"column":8},"end":{"line":18,"column":9}}],"line":15},"1":{"loc":{"start":{"line":15,"column":12},"end":{"line":15,"column":103}},"type":"binary-expr","locations":[{"start":{"line":15,"column":12},"end":{"line":15,"column":63}},{"start":{"line":15,"column":67},"end":{"line":15,"column":103}}],"line":15}},"s":{"0":1,"1":1,"2":0,"3":0,"4":0,"5":0,"6":0,"7":0,"8":0,"9":0,"10":0,"11":0,"12":0,"13":0,"14":0,"15":0,"16":0,"17":0},"f":{"0":0,"1":0,"2":0},"b":{"0":[0,0],"1":[0,0]},"_coverageSchema":"1a1c01bbd47fc00a2c39e90264f33305004495a9","hash":"b74ae77471024d3cb718bbd2b8a5df33002c4f7e"}
,"/home/cedric/IdeaProjects/webe-space-invaders-multiplayer/modules/enemy.js": {"path":"/home/cedric/IdeaProjects/webe-space-invaders-multiplayer/modules/enemy.js","statementMap":{"0":{"start":{"line":7,"column":30},"end":{"line":7,"column":32}},"1":{"start":{"line":8,"column":28},"end":{"line":8,"column":30}},"2":{"start":{"line":9,"column":18},"end":{"line":9,"column":47}},"3":{"start":{"line":10,"column":20},"end":{"line":10,"column":21}},"4":{"start":{"line":14,"column":8},"end":{"line":14,"column":52}},"5":{"start":{"line":15,"column":8},"end":{"line":15,"column":36}},"6":{"start":{"line":16,"column":8},"end":{"line":16,"column":40}},"7":{"start":{"line":17,"column":8},"end":{"line":17,"column":25}},"8":{"start":{"line":18,"column":8},"end":{"line":18,"column":25}},"9":{"start":{"line":19,"column":8},"end":{"line":19,"column":41}},"10":{"start":{"line":20,"column":8},"end":{"line":20,"column":46}},"11":{"start":{"line":21,"column":8},"end":{"line":21,"column":46}},"12":{"start":{"line":25,"column":25},"end":{"line":25,"column":58}},"13":{"start":{"line":26,"column":8},"end":{"line":26,"column":54}},"14":{"start":{"line":30,"column":8},"end":{"line":30,"column":25}},"15":{"start":{"line":31,"column":8},"end":{"line":31,"column":37}},"16":{"start":{"line":32,"column":8},"end":{"line":32,"column":30}},"17":{"start":{"line":33,"column":8},"end":{"line":33,"column":21}},"18":{"start":{"line":37,"column":21},"end":{"line":37,"column":42}},"19":{"start":{"line":38,"column":8},"end":{"line":43,"column":9}},"20":{"start":{"line":39,"column":12},"end":{"line":39,"column":35}},"21":{"start":{"line":41,"column":12},"end":{"line":41,"column":28}},"22":{"start":{"line":42,"column":12},"end":{"line":42,"column":50}},"23":{"start":{"line":44,"column":21},"end":{"line":44,"column":42}},"24":{"start":{"line":45,"column":8},"end":{"line":50,"column":9}},"25":{"start":{"line":46,"column":12},"end":{"line":46,"column":35}},"26":{"start":{"line":48,"column":12},"end":{"line":48,"column":50}},"27":{"start":{"line":49,"column":12},"end":{"line":49,"column":28}},"28":{"start":{"line":51,"column":8},"end":{"line":51,"column":54}},"29":{"start":{"line":55,"column":8},"end":{"line":60,"column":9}},"30":{"start":{"line":56,"column":31},"end":{"line":56,"column":62}},"31":{"start":{"line":57,"column":26},"end":{"line":57,"column":66}},"32":{"start":{"line":58,"column":12},"end":{"line":58,"column":49}},"33":{"start":{"line":59,"column":12},"end":{"line":59,"column":45}},"34":{"start":{"line":64,"column":8},"end":{"line":77,"column":9}},"35":{"start":{"line":64,"column":21},"end":{"line":64,"column":22}},"36":{"start":{"line":65,"column":26},"end":{"line":65,"column":48}},"37":{"start":{"line":66,"column":26},"end":{"line":66,"column":62}},"38":{"start":{"line":67,"column":26},"end":{"line":67,"column":61}},"39":{"start":{"line":68,"column":12},"end":{"line":76,"column":13}},"40":{"start":{"line":69,"column":16},"end":{"line":69,"column":57}},"41":{"start":{"line":70,"column":30},"end":{"line":70,"column":40}},"42":{"start":{"line":71,"column":16},"end":{"line":71,"column":30}},"43":{"start":{"line":72,"column":16},"end":{"line":72,"column":58}},"44":{"start":{"line":73,"column":16},"end":{"line":75,"column":17}},"45":{"start":{"line":74,"column":20},"end":{"line":74,"column":75}},"46":{"start":{"line":81,"column":8},"end":{"line":92,"column":9}},"47":{"start":{"line":81,"column":21},"end":{"line":81,"column":22}},"48":{"start":{"line":82,"column":26},"end":{"line":82,"column":50}},"49":{"start":{"line":83,"column":12},"end":{"line":85,"column":13}},"50":{"start":{"line":84,"column":16},"end":{"line":84,"column":25}},"51":{"start":{"line":86,"column":26},"end":{"line":86,"column":62}},"52":{"start":{"line":87,"column":26},"end":{"line":87,"column":61}},"53":{"start":{"line":88,"column":12},"end":{"line":91,"column":13}},"54":{"start":{"line":89,"column":16},"end":{"line":89,"column":32}},"55":{"start":{"line":90,"column":16},"end":{"line":90,"column":32}},"56":{"start":{"line":96,"column":22},"end":{"line":96,"column":57}},"57":{"start":{"line":97,"column":8},"end":{"line":101,"column":9}},"58":{"start":{"line":98,"column":12},"end":{"line":98,"column":51}},"59":{"start":{"line":99,"column":31},"end":{"line":99,"column":62}},"60":{"start":{"line":100,"column":12},"end":{"line":100,"column":48}}},"fnMap":{"0":{"name":"(anonymous_0)","decl":{"start":{"line":13,"column":4},"end":{"line":13,"column":5}},"loc":{"start":{"line":13,"column":28},"end":{"line":22,"column":5}},"line":13},"1":{"name":"(anonymous_1)","decl":{"start":{"line":24,"column":4},"end":{"line":24,"column":5}},"loc":{"start":{"line":24,"column":25},"end":{"line":27,"column":5}},"line":24},"2":{"name":"(anonymous_2)","decl":{"start":{"line":29,"column":4},"end":{"line":29,"column":5}},"loc":{"start":{"line":29,"column":23},"end":{"line":34,"column":5}},"line":29},"3":{"name":"(anonymous_3)","decl":{"start":{"line":36,"column":4},"end":{"line":36,"column":5}},"loc":{"start":{"line":36,"column":11},"end":{"line":52,"column":5}},"line":36},"4":{"name":"(anonymous_4)","decl":{"start":{"line":54,"column":4},"end":{"line":54,"column":5}},"loc":{"start":{"line":54,"column":12},"end":{"line":61,"column":5}},"line":54},"5":{"name":"(anonymous_5)","decl":{"start":{"line":63,"column":4},"end":{"line":63,"column":5}},"loc":{"start":{"line":63,"column":16},"end":{"line":78,"column":5}},"line":63},"6":{"name":"(anonymous_6)","decl":{"start":{"line":80,"column":4},"end":{"line":80,"column":5}},"loc":{"start":{"line":80,"column":28},"end":{"line":93,"column":5}},"line":80},"7":{"name":"(anonymous_7)","decl":{"start":{"line":95,"column":4},"end":{"line":95,"column":5}},"loc":{"start":{"line":95,"column":13},"end":{"line":102,"column":5}},"line":95}},"branchMap":{"0":{"loc":{"start":{"line":38,"column":8},"end":{"line":43,"column":9}},"type":"if","locations":[{"start":{"line":38,"column":8},"end":{"line":43,"column":9}},{"start":{"line":38,"column":8},"end":{"line":43,"column":9}}],"line":38},"1":{"loc":{"start":{"line":45,"column":8},"end":{"line":50,"column":9}},"type":"if","locations":[{"start":{"line":45,"column":8},"end":{"line":50,"column":9}},{"start":{"line":45,"column":8},"end":{"line":50,"column":9}}],"line":45},"2":{"loc":{"start":{"line":55,"column":8},"end":{"line":60,"column":9}},"type":"if","locations":[{"start":{"line":55,"column":8},"end":{"line":60,"column":9}},{"start":{"line":55,"column":8},"end":{"line":60,"column":9}}],"line":55},"3":{"loc":{"start":{"line":68,"column":12},"end":{"line":76,"column":13}},"type":"if","locations":[{"start":{"line":68,"column":12},"end":{"line":76,"column":13}},{"start":{"line":68,"column":12},"end":{"line":76,"column":13}}],"line":68},"4":{"loc":{"start":{"line":73,"column":16},"end":{"line":75,"column":17}},"type":"if","locations":[{"start":{"line":73,"column":16},"end":{"line":75,"column":17}},{"start":{"line":73,"column":16},"end":{"line":75,"column":17}}],"line":73},"5":{"loc":{"start":{"line":83,"column":12},"end":{"line":85,"column":13}},"type":"if","locations":[{"start":{"line":83,"column":12},"end":{"line":85,"column":13}},{"start":{"line":83,"column":12},"end":{"line":85,"column":13}}],"line":83},"6":{"loc":{"start":{"line":88,"column":12},"end":{"line":91,"column":13}},"type":"if","locations":[{"start":{"line":88,"column":12},"end":{"line":91,"column":13}},{"start":{"line":88,"column":12},"end":{"line":91,"column":13}}],"line":88},"7":{"loc":{"start":{"line":97,"column":8},"end":{"line":101,"column":9}},"type":"if","locations":[{"start":{"line":97,"column":8},"end":{"line":101,"column":9}},{"start":{"line":97,"column":8},"end":{"line":101,"column":9}}],"line":97}},"s":{"0":1,"1":1,"2":1,"3":1,"4":0,"5":0,"6":0,"7":0,"8":0,"9":0,"10":0,"11":0,"12":0,"13":0,"14":0,"15":0,"16":0,"17":0,"18":0,"19":0,"20":0,"21":0,"22":0,"23":0,"24":0,"25":0,"26":0,"27":0,"28":0,"29":0,"30":0,"31":0,"32":0,"33":0,"34":0,"35":0,"36":0,"37":0,"38":0,"39":0,"40":0,"41":0,"42":0,"43":0,"44":0,"45":0,"46":0,"47":0,"48":0,"49":0,"50":0,"51":0,"52":0,"53":0,"54":0,"55":0,"56":0,"57":0,"58":0,"59":0,"60":0},"f":{"0":0,"1":0,"2":0,"3":0,"4":0,"5":0,"6":0,"7":0},"b":{"0":[0,0],"1":[0,0],"2":[0,0],"3":[0,0],"4":[0,0],"5":[0,0],"6":[0,0],"7":[0,0]},"_coverageSchema":"1a1c01bbd47fc00a2c39e90264f33305004495a9","hash":"6156b1fee288b4fd9a9cdd17dc53b5847885107e"}
,"/home/cedric/IdeaProjects/webe-space-invaders-multiplayer/modules/game.js": {"path":"/home/cedric/IdeaProjects/webe-space-invaders-multiplayer/modules/game.js","statementMap":{"0":{"start":{"line":5,"column":26},"end":{"line":5,"column":29}},"1":{"start":{"line":6,"column":27},"end":{"line":6,"column":30}},"2":{"start":{"line":8,"column":26},"end":{"line":21,"column":1}},"3":{"start":{"line":25,"column":8},"end":{"line":25,"column":77}},"4":{"start":{"line":26,"column":8},"end":{"line":26,"column":40}},"5":{"start":{"line":27,"column":8},"end":{"line":27,"column":48}},"6":{"start":{"line":31,"column":28},"end":{"line":31,"column":38}},"7":{"start":{"line":32,"column":27},"end":{"line":32,"column":71}},"8":{"start":{"line":34,"column":8},"end":{"line":34,"column":38}},"9":{"start":{"line":35,"column":8},"end":{"line":37,"column":9}},"10":{"start":{"line":36,"column":12},"end":{"line":36,"column":35}},"11":{"start":{"line":38,"column":8},"end":{"line":38,"column":45}},"12":{"start":{"line":39,"column":8},"end":{"line":41,"column":9}},"13":{"start":{"line":39,"column":21},"end":{"line":39,"column":22}},"14":{"start":{"line":40,"column":12},"end":{"line":40,"column":51}},"15":{"start":{"line":43,"column":8},"end":{"line":45,"column":9}},"16":{"start":{"line":44,"column":12},"end":{"line":44,"column":34}},"17":{"start":{"line":47,"column":8},"end":{"line":47,"column":42}},"18":{"start":{"line":51,"column":8},"end":{"line":61,"column":9}},"19":{"start":{"line":52,"column":12},"end":{"line":52,"column":45}},"20":{"start":{"line":53,"column":15},"end":{"line":61,"column":9}},"21":{"start":{"line":54,"column":12},"end":{"line":54,"column":46}},"22":{"start":{"line":55,"column":15},"end":{"line":61,"column":9}},"23":{"start":{"line":56,"column":12},"end":{"line":56,"column":43}},"24":{"start":{"line":57,"column":15},"end":{"line":61,"column":9}},"25":{"start":{"line":58,"column":12},"end":{"line":58,"column":45}},"26":{"start":{"line":59,"column":15},"end":{"line":61,"column":9}},"27":{"start":{"line":60,"column":12},"end":{"line":60,"column":46}},"28":{"start":{"line":65,"column":8},"end":{"line":75,"column":9}},"29":{"start":{"line":66,"column":12},"end":{"line":66,"column":46}},"30":{"start":{"line":67,"column":15},"end":{"line":75,"column":9}},"31":{"start":{"line":68,"column":12},"end":{"line":68,"column":47}},"32":{"start":{"line":69,"column":15},"end":{"line":75,"column":9}},"33":{"start":{"line":70,"column":12},"end":{"line":70,"column":44}},"34":{"start":{"line":71,"column":15},"end":{"line":75,"column":9}},"35":{"start":{"line":72,"column":12},"end":{"line":72,"column":46}},"36":{"start":{"line":73,"column":15},"end":{"line":75,"column":9}},"37":{"start":{"line":74,"column":12},"end":{"line":74,"column":47}},"38":{"start":{"line":82,"column":4},"end":{"line":88,"column":5}},"39":{"start":{"line":83,"column":8},"end":{"line":83,"column":22}},"40":{"start":{"line":84,"column":11},"end":{"line":88,"column":5}},"41":{"start":{"line":85,"column":8},"end":{"line":85,"column":22}},"42":{"start":{"line":87,"column":8},"end":{"line":87,"column":22}},"43":{"start":{"line":92,"column":4},"end":{"line":97,"column":6}},"44":{"start":{"line":101,"column":4},"end":{"line":101,"column":54}}},"fnMap":{"0":{"name":"(anonymous_0)","decl":{"start":{"line":24,"column":4},"end":{"line":24,"column":5}},"loc":{"start":{"line":24,"column":18},"end":{"line":28,"column":5}},"line":24},"1":{"name":"(anonymous_1)","decl":{"start":{"line":30,"column":4},"end":{"line":30,"column":5}},"loc":{"start":{"line":30,"column":13},"end":{"line":48,"column":5}},"line":30},"2":{"name":"(anonymous_2)","decl":{"start":{"line":50,"column":4},"end":{"line":50,"column":5}},"loc":{"start":{"line":50,"column":17},"end":{"line":62,"column":5}},"line":50},"3":{"name":"(anonymous_3)","decl":{"start":{"line":64,"column":4},"end":{"line":64,"column":5}},"loc":{"start":{"line":64,"column":15},"end":{"line":76,"column":5}},"line":64},"4":{"name":"respectBoundaries","decl":{"start":{"line":81,"column":16},"end":{"line":81,"column":33}},"loc":{"start":{"line":81,"column":58},"end":{"line":89,"column":1}},"line":81},"5":{"name":"rectsIntersect","decl":{"start":{"line":91,"column":16},"end":{"line":91,"column":30}},"loc":{"start":{"line":91,"column":45},"end":{"line":98,"column":1}},"line":91},"6":{"name":"setPosition","decl":{"start":{"line":100,"column":16},"end":{"line":100,"column":27}},"loc":{"start":{"line":100,"column":39},"end":{"line":102,"column":1}},"line":100}},"branchMap":{"0":{"loc":{"start":{"line":35,"column":8},"end":{"line":37,"column":9}},"type":"if","locations":[{"start":{"line":35,"column":8},"end":{"line":37,"column":9}},{"start":{"line":35,"column":8},"end":{"line":37,"column":9}}],"line":35},"1":{"loc":{"start":{"line":43,"column":8},"end":{"line":45,"column":9}},"type":"if","locations":[{"start":{"line":43,"column":8},"end":{"line":45,"column":9}},{"start":{"line":43,"column":8},"end":{"line":45,"column":9}}],"line":43},"2":{"loc":{"start":{"line":51,"column":8},"end":{"line":61,"column":9}},"type":"if","locations":[{"start":{"line":51,"column":8},"end":{"line":61,"column":9}},{"start":{"line":51,"column":8},"end":{"line":61,"column":9}}],"line":51},"3":{"loc":{"start":{"line":53,"column":15},"end":{"line":61,"column":9}},"type":"if","locations":[{"start":{"line":53,"column":15},"end":{"line":61,"column":9}},{"start":{"line":53,"column":15},"end":{"line":61,"column":9}}],"line":53},"4":{"loc":{"start":{"line":55,"column":15},"end":{"line":61,"column":9}},"type":"if","locations":[{"start":{"line":55,"column":15},"end":{"line":61,"column":9}},{"start":{"line":55,"column":15},"end":{"line":61,"column":9}}],"line":55},"5":{"loc":{"start":{"line":57,"column":15},"end":{"line":61,"column":9}},"type":"if","locations":[{"start":{"line":57,"column":15},"end":{"line":61,"column":9}},{"start":{"line":57,"column":15},"end":{"line":61,"column":9}}],"line":57},"6":{"loc":{"start":{"line":59,"column":15},"end":{"line":61,"column":9}},"type":"if","locations":[{"start":{"line":59,"column":15},"end":{"line":61,"column":9}},{"start":{"line":59,"column":15},"end":{"line":61,"column":9}}],"line":59},"7":{"loc":{"start":{"line":65,"column":8},"end":{"line":75,"column":9}},"type":"if","locations":[{"start":{"line":65,"column":8},"end":{"line":75,"column":9}},{"start":{"line":65,"column":8},"end":{"line":75,"column":9}}],"line":65},"8":{"loc":{"start":{"line":67,"column":15},"end":{"line":75,"column":9}},"type":"if","locations":[{"start":{"line":67,"column":15},"end":{"line":75,"column":9}},{"start":{"line":67,"column":15},"end":{"line":75,"column":9}}],"line":67},"9":{"loc":{"start":{"line":69,"column":15},"end":{"line":75,"column":9}},"type":"if","locations":[{"start":{"line":69,"column":15},"end":{"line":75,"column":9}},{"start":{"line":69,"column":15},"end":{"line":75,"column":9}}],"line":69},"10":{"loc":{"start":{"line":71,"column":15},"end":{"line":75,"column":9}},"type":"if","locations":[{"start":{"line":71,"column":15},"end":{"line":75,"column":9}},{"start":{"line":71,"column":15},"end":{"line":75,"column":9}}],"line":71},"11":{"loc":{"start":{"line":73,"column":15},"end":{"line":75,"column":9}},"type":"if","locations":[{"start":{"line":73,"column":15},"end":{"line":75,"column":9}},{"start":{"line":73,"column":15},"end":{"line":75,"column":9}}],"line":73},"12":{"loc":{"start":{"line":82,"column":4},"end":{"line":88,"column":5}},"type":"if","locations":[{"start":{"line":82,"column":4},"end":{"line":88,"column":5}},{"start":{"line":82,"column":4},"end":{"line":88,"column":5}}],"line":82},"13":{"loc":{"start":{"line":84,"column":11},"end":{"line":88,"column":5}},"type":"if","locations":[{"start":{"line":84,"column":11},"end":{"line":88,"column":5}},{"start":{"line":84,"column":11},"end":{"line":88,"column":5}}],"line":84},"14":{"loc":{"start":{"line":93,"column":8},"end":{"line":96,"column":32}},"type":"binary-expr","locations":[{"start":{"line":93,"column":8},"end":{"line":93,"column":32}},{"start":{"line":94,"column":8},"end":{"line":94,"column":32}},{"start":{"line":95,"column":8},"end":{"line":95,"column":32}},{"start":{"line":96,"column":8},"end":{"line":96,"column":32}}],"line":93}},"s":{"0":1,"1":1,"2":1,"3":0,"4":0,"5":0,"6":0,"7":0,"8":0,"9":0,"10":0,"11":0,"12":0,"13":0,"14":0,"15":0,"16":0,"17":0,"18":0,"19":0,"20":0,"21":0,"22":0,"23":0,"24":0,"25":0,"26":0,"27":0,"28":0,"29":0,"30":0,"31":0,"32":0,"33":0,"34":0,"35":0,"36":0,"37":0,"38":3,"39":1,"40":2,"41":1,"42":1,"43":2,"44":0},"f":{"0":0,"1":0,"2":0,"3":0,"4":3,"5":2,"6":0},"b":{"0":[0,0],"1":[0,0],"2":[0,0],"3":[0,0],"4":[0,0],"5":[0,0],"6":[0,0],"7":[0,0],"8":[0,0],"9":[0,0],"10":[0,0],"11":[0,0],"12":[1,2],"13":[1,1],"14":[2,1,1,1]},"_coverageSchema":"1a1c01bbd47fc00a2c39e90264f33305004495a9","hash":"d4df8174b7a4eaa70c1c53a1b806d7849e201daa"}
,"/home/cedric/IdeaProjects/webe-space-invaders-multiplayer/modules/laser.js": {"path":"/home/cedric/IdeaProjects/webe-space-invaders-multiplayer/modules/laser.js","statementMap":{"0":{"start":{"line":5,"column":25},"end":{"line":5,"column":52}},"1":{"start":{"line":6,"column":24},"end":{"line":6,"column":52}},"2":{"start":{"line":7,"column":24},"end":{"line":7,"column":27}},"3":{"start":{"line":8,"column":21},"end":{"line":8,"column":23}},"4":{"start":{"line":12,"column":8},"end":{"line":12,"column":52}},"5":{"start":{"line":13,"column":8},"end":{"line":13,"column":82}},"6":{"start":{"line":14,"column":8},"end":{"line":14,"column":49}},"7":{"start":{"line":15,"column":8},"end":{"line":15,"column":25}},"8":{"start":{"line":16,"column":8},"end":{"line":16,"column":25}},"9":{"start":{"line":17,"column":8},"end":{"line":17,"column":82}},"10":{"start":{"line":21,"column":8},"end":{"line":29,"column":9}},"11":{"start":{"line":22,"column":12},"end":{"line":24,"column":13}},"12":{"start":{"line":23,"column":16},"end":{"line":23,"column":55}},"13":{"start":{"line":25,"column":15},"end":{"line":29,"column":9}},"14":{"start":{"line":26,"column":12},"end":{"line":28,"column":13}},"15":{"start":{"line":27,"column":16},"end":{"line":27,"column":56}},"16":{"start":{"line":33,"column":19},"end":{"line":33,"column":59}},"17":{"start":{"line":34,"column":8},"end":{"line":38,"column":9}},"18":{"start":{"line":35,"column":12},"end":{"line":35,"column":29}},"19":{"start":{"line":36,"column":12},"end":{"line":36,"column":59}},"20":{"start":{"line":37,"column":12},"end":{"line":37,"column":24}},"21":{"start":{"line":39,"column":8},"end":{"line":39,"column":21}},"22":{"start":{"line":43,"column":19},"end":{"line":43,"column":59}},"23":{"start":{"line":44,"column":8},"end":{"line":48,"column":9}},"24":{"start":{"line":45,"column":12},"end":{"line":45,"column":29}},"25":{"start":{"line":46,"column":12},"end":{"line":46,"column":59}},"26":{"start":{"line":47,"column":12},"end":{"line":47,"column":24}},"27":{"start":{"line":49,"column":8},"end":{"line":49,"column":21}},"28":{"start":{"line":53,"column":22},"end":{"line":53,"column":48}},"29":{"start":{"line":54,"column":8},"end":{"line":58,"column":9}},"30":{"start":{"line":55,"column":12},"end":{"line":55,"column":38}},"31":{"start":{"line":56,"column":31},"end":{"line":56,"column":62}},"32":{"start":{"line":57,"column":12},"end":{"line":57,"column":52}}},"fnMap":{"0":{"name":"(anonymous_0)","decl":{"start":{"line":11,"column":4},"end":{"line":11,"column":5}},"loc":{"start":{"line":11,"column":36},"end":{"line":18,"column":5}},"line":11},"1":{"name":"(anonymous_1)","decl":{"start":{"line":20,"column":4},"end":{"line":20,"column":5}},"loc":{"start":{"line":20,"column":23},"end":{"line":30,"column":5}},"line":20},"2":{"name":"(anonymous_2)","decl":{"start":{"line":32,"column":4},"end":{"line":32,"column":5}},"loc":{"start":{"line":32,"column":23},"end":{"line":40,"column":5}},"line":32},"3":{"name":"(anonymous_3)","decl":{"start":{"line":42,"column":4},"end":{"line":42,"column":5}},"loc":{"start":{"line":42,"column":25},"end":{"line":50,"column":5}},"line":42},"4":{"name":"(anonymous_4)","decl":{"start":{"line":52,"column":4},"end":{"line":52,"column":5}},"loc":{"start":{"line":52,"column":31},"end":{"line":59,"column":5}},"line":52}},"branchMap":{"0":{"loc":{"start":{"line":13,"column":26},"end":{"line":13,"column":81}},"type":"cond-expr","locations":[{"start":{"line":13,"column":47},"end":{"line":13,"column":62}},{"start":{"line":13,"column":65},"end":{"line":13,"column":81}}],"line":13},"1":{"loc":{"start":{"line":21,"column":8},"end":{"line":29,"column":9}},"type":"if","locations":[{"start":{"line":21,"column":8},"end":{"line":29,"column":9}},{"start":{"line":21,"column":8},"end":{"line":29,"column":9}}],"line":21},"2":{"loc":{"start":{"line":22,"column":12},"end":{"line":24,"column":13}},"type":"if","locations":[{"start":{"line":22,"column":12},"end":{"line":24,"column":13}},{"start":{"line":22,"column":12},"end":{"line":24,"column":13}}],"line":22},"3":{"loc":{"start":{"line":25,"column":15},"end":{"line":29,"column":9}},"type":"if","locations":[{"start":{"line":25,"column":15},"end":{"line":29,"column":9}},{"start":{"line":25,"column":15},"end":{"line":29,"column":9}}],"line":25},"4":{"loc":{"start":{"line":26,"column":12},"end":{"line":28,"column":13}},"type":"if","locations":[{"start":{"line":26,"column":12},"end":{"line":28,"column":13}},{"start":{"line":26,"column":12},"end":{"line":28,"column":13}}],"line":26},"5":{"loc":{"start":{"line":34,"column":8},"end":{"line":38,"column":9}},"type":"if","locations":[{"start":{"line":34,"column":8},"end":{"line":38,"column":9}},{"start":{"line":34,"column":8},"end":{"line":38,"column":9}}],"line":34},"6":{"loc":{"start":{"line":44,"column":8},"end":{"line":48,"column":9}},"type":"if","locations":[{"start":{"line":44,"column":8},"end":{"line":48,"column":9}},{"start":{"line":44,"column":8},"end":{"line":48,"column":9}}],"line":44},"7":{"loc":{"start":{"line":54,"column":8},"end":{"line":58,"column":9}},"type":"if","locations":[{"start":{"line":54,"column":8},"end":{"line":58,"column":9}},{"start":{"line":54,"column":8},"end":{"line":58,"column":9}}],"line":54}},"s":{"0":1,"1":1,"2":1,"3":1,"4":0,"5":0,"6":0,"7":0,"8":0,"9":0,"10":0,"11":0,"12":0,"13":0,"14":0,"15":0,"16":0,"17":0,"18":0,"19":0,"20":0,"21":0,"22":0,"23":0,"24":0,"25":0,"26":0,"27":0,"28":0,"29":0,"30":0,"31":0,"32":0},"f":{"0":0,"1":0,"2":0,"3":0,"4":0},"b":{"0":[0,0],"1":[0,0],"2":[0,0],"3":[0,0],"4":[0,0],"5":[0,0],"6":[0,0],"7":[0,0]},"_coverageSchema":"1a1c01bbd47fc00a2c39e90264f33305004495a9","hash":"4e2055cad4c7c745912782d5bf05619a27823998"}
,"/home/cedric/IdeaProjects/webe-space-invaders-multiplayer/modules/player.js": {"path":"/home/cedric/IdeaProjects/webe-space-invaders-multiplayer/modules/player.js","statementMap":{"0":{"start":{"line":5,"column":21},"end":{"line":5,"column":23}},"1":{"start":{"line":6,"column":22},"end":{"line":6,"column":24}},"2":{"start":{"line":7,"column":19},"end":{"line":7,"column":53}},"3":{"start":{"line":9,"column":28},"end":{"line":15,"column":1}},"4":{"start":{"line":19,"column":27},"end":{"line":19,"column":58}},"5":{"start":{"line":20,"column":8},"end":{"line":20,"column":42}},"6":{"start":{"line":21,"column":8},"end":{"line":21,"column":44}},"7":{"start":{"line":25,"column":8},"end":{"line":25,"column":56}},"8":{"start":{"line":26,"column":8},"end":{"line":26,"column":41}},"9":{"start":{"line":27,"column":8},"end":{"line":27,"column":48}},"10":{"start":{"line":28,"column":8},"end":{"line":28,"column":53}},"11":{"start":{"line":29,"column":8},"end":{"line":29,"column":38}},"12":{"start":{"line":30,"column":8},"end":{"line":30,"column":42}},"13":{"start":{"line":31,"column":8},"end":{"line":31,"column":53}},"14":{"start":{"line":32,"column":8},"end":{"line":32,"column":49}},"15":{"start":{"line":33,"column":8},"end":{"line":33,"column":46}},"16":{"start":{"line":34,"column":8},"end":{"line":34,"column":42}},"17":{"start":{"line":35,"column":8},"end":{"line":35,"column":25}},"18":{"start":{"line":36,"column":8},"end":{"line":36,"column":25}},"19":{"start":{"line":37,"column":8},"end":{"line":37,"column":25}},"20":{"start":{"line":41,"column":8},"end":{"line":43,"column":9}},"21":{"start":{"line":42,"column":12},"end":{"line":42,"column":27}},"22":{"start":{"line":44,"column":8},"end":{"line":46,"column":9}},"23":{"start":{"line":45,"column":12},"end":{"line":45,"column":27}},"24":{"start":{"line":47,"column":8},"end":{"line":49,"column":9}},"25":{"start":{"line":48,"column":12},"end":{"line":48,"column":27}},"26":{"start":{"line":50,"column":8},"end":{"line":52,"column":9}},"27":{"start":{"line":51,"column":12},"end":{"line":51,"column":27}},"28":{"start":{"line":53,"column":8},"end":{"line":53,"column":90}},"29":{"start":{"line":54,"column":8},"end":{"line":54,"column":81}},"30":{"start":{"line":55,"column":8},"end":{"line":55,"column":55}},"31":{"start":{"line":59,"column":8},"end":{"line":59,"column":44}},"32":{"start":{"line":60,"column":8},"end":{"line":68,"column":9}},"33":{"start":{"line":61,"column":31},"end":{"line":61,"column":62}},"34":{"start":{"line":62,"column":26},"end":{"line":62,"column":67}},"35":{"start":{"line":63,"column":12},"end":{"line":63,"column":49}},"36":{"start":{"line":64,"column":12},"end":{"line":64,"column":44}},"37":{"start":{"line":65,"column":12},"end":{"line":65,"column":71}},"38":{"start":{"line":66,"column":15},"end":{"line":68,"column":9}},"39":{"start":{"line":67,"column":12},"end":{"line":67,"column":38}},"40":{"start":{"line":72,"column":8},"end":{"line":72,"column":31}},"41":{"start":{"line":73,"column":8},"end":{"line":73,"column":36}},"42":{"start":{"line":74,"column":8},"end":{"line":74,"column":20}},"43":{"start":{"line":75,"column":8},"end":{"line":75,"column":31}},"44":{"start":{"line":76,"column":8},"end":{"line":76,"column":41}},"45":{"start":{"line":77,"column":8},"end":{"line":77,"column":27}},"46":{"start":{"line":81,"column":8},"end":{"line":87,"column":9}},"47":{"start":{"line":81,"column":21},"end":{"line":81,"column":22}},"48":{"start":{"line":82,"column":24},"end":{"line":82,"column":45}},"49":{"start":{"line":83,"column":12},"end":{"line":86,"column":13}},"50":{"start":{"line":84,"column":16},"end":{"line":84,"column":48}},"51":{"start":{"line":85,"column":16},"end":{"line":85,"column":54}},"52":{"start":{"line":91,"column":8},"end":{"line":93,"column":9}},"53":{"start":{"line":91,"column":21},"end":{"line":91,"column":22}},"54":{"start":{"line":92,"column":12},"end":{"line":92,"column":60}},"55":{"start":{"line":97,"column":8},"end":{"line":105,"column":9}},"56":{"start":{"line":97,"column":21},"end":{"line":97,"column":22}},"57":{"start":{"line":98,"column":26},"end":{"line":98,"column":50}},"58":{"start":{"line":99,"column":26},"end":{"line":99,"column":62}},"59":{"start":{"line":100,"column":26},"end":{"line":100,"column":62}},"60":{"start":{"line":101,"column":12},"end":{"line":104,"column":13}},"61":{"start":{"line":102,"column":16},"end":{"line":102,"column":34}},"62":{"start":{"line":103,"column":16},"end":{"line":103,"column":59}},"63":{"start":{"line":109,"column":8},"end":{"line":117,"column":9}},"64":{"start":{"line":109,"column":21},"end":{"line":109,"column":22}},"65":{"start":{"line":110,"column":26},"end":{"line":110,"column":49}},"66":{"start":{"line":111,"column":26},"end":{"line":111,"column":62}},"67":{"start":{"line":112,"column":26},"end":{"line":112,"column":62}},"68":{"start":{"line":113,"column":12},"end":{"line":116,"column":13}},"69":{"start":{"line":114,"column":16},"end":{"line":114,"column":34}},"70":{"start":{"line":115,"column":16},"end":{"line":115,"column":58}},"71":{"start":{"line":121,"column":8},"end":{"line":127,"column":9}},"72":{"start":{"line":122,"column":12},"end":{"line":122,"column":69}},"73":{"start":{"line":123,"column":15},"end":{"line":127,"column":9}},"74":{"start":{"line":124,"column":12},"end":{"line":124,"column":69}},"75":{"start":{"line":125,"column":15},"end":{"line":127,"column":9}},"76":{"start":{"line":126,"column":12},"end":{"line":126,"column":69}},"77":{"start":{"line":128,"column":8},"end":{"line":128,"column":32}}},"fnMap":{"0":{"name":"(anonymous_0)","decl":{"start":{"line":18,"column":4},"end":{"line":18,"column":5}},"loc":{"start":{"line":18,"column":34},"end":{"line":22,"column":5}},"line":18},"1":{"name":"(anonymous_1)","decl":{"start":{"line":24,"column":4},"end":{"line":24,"column":5}},"loc":{"start":{"line":24,"column":33},"end":{"line":38,"column":5}},"line":24},"2":{"name":"(anonymous_2)","decl":{"start":{"line":40,"column":4},"end":{"line":40,"column":5}},"loc":{"start":{"line":40,"column":11},"end":{"line":56,"column":5}},"line":40},"3":{"name":"(anonymous_3)","decl":{"start":{"line":58,"column":4},"end":{"line":58,"column":5}},"loc":{"start":{"line":58,"column":22},"end":{"line":69,"column":5}},"line":58},"4":{"name":"(anonymous_4)","decl":{"start":{"line":71,"column":4},"end":{"line":71,"column":5}},"loc":{"start":{"line":71,"column":23},"end":{"line":78,"column":5}},"line":71},"5":{"name":"(anonymous_5)","decl":{"start":{"line":80,"column":4},"end":{"line":80,"column":5}},"loc":{"start":{"line":80,"column":18},"end":{"line":88,"column":5}},"line":80},"6":{"name":"(anonymous_6)","decl":{"start":{"line":90,"column":4},"end":{"line":90,"column":5}},"loc":{"start":{"line":90,"column":32},"end":{"line":94,"column":5}},"line":90},"7":{"name":"(anonymous_7)","decl":{"start":{"line":96,"column":4},"end":{"line":96,"column":5}},"loc":{"start":{"line":96,"column":27},"end":{"line":106,"column":5}},"line":96},"8":{"name":"(anonymous_8)","decl":{"start":{"line":108,"column":4},"end":{"line":108,"column":5}},"loc":{"start":{"line":108,"column":22},"end":{"line":118,"column":5}},"line":108},"9":{"name":"(anonymous_9)","decl":{"start":{"line":120,"column":4},"end":{"line":120,"column":5}},"loc":{"start":{"line":120,"column":17},"end":{"line":129,"column":5}},"line":120}},"branchMap":{"0":{"loc":{"start":{"line":41,"column":8},"end":{"line":43,"column":9}},"type":"if","locations":[{"start":{"line":41,"column":8},"end":{"line":43,"column":9}},{"start":{"line":41,"column":8},"end":{"line":43,"column":9}}],"line":41},"1":{"loc":{"start":{"line":44,"column":8},"end":{"line":46,"column":9}},"type":"if","locations":[{"start":{"line":44,"column":8},"end":{"line":46,"column":9}},{"start":{"line":44,"column":8},"end":{"line":46,"column":9}}],"line":44},"2":{"loc":{"start":{"line":47,"column":8},"end":{"line":49,"column":9}},"type":"if","locations":[{"start":{"line":47,"column":8},"end":{"line":49,"column":9}},{"start":{"line":47,"column":8},"end":{"line":49,"column":9}}],"line":47},"3":{"loc":{"start":{"line":50,"column":8},"end":{"line":52,"column":9}},"type":"if","locations":[{"start":{"line":50,"column":8},"end":{"line":52,"column":9}},{"start":{"line":50,"column":8},"end":{"line":52,"column":9}}],"line":50},"4":{"loc":{"start":{"line":60,"column":8},"end":{"line":68,"column":9}},"type":"if","locations":[{"start":{"line":60,"column":8},"end":{"line":68,"column":9}},{"start":{"line":60,"column":8},"end":{"line":68,"column":9}}],"line":60},"5":{"loc":{"start":{"line":60,"column":12},"end":{"line":60,"column":68}},"type":"binary-expr","locations":[{"start":{"line":60,"column":12},"end":{"line":60,"column":38}},{"start":{"line":60,"column":42},"end":{"line":60,"column":68}}],"line":60},"6":{"loc":{"start":{"line":66,"column":15},"end":{"line":68,"column":9}},"type":"if","locations":[{"start":{"line":66,"column":15},"end":{"line":68,"column":9}},{"start":{"line":66,"column":15},"end":{"line":68,"column":9}}],"line":66},"7":{"loc":{"start":{"line":83,"column":12},"end":{"line":86,"column":13}},"type":"if","locations":[{"start":{"line":83,"column":12},"end":{"line":86,"column":13}},{"start":{"line":83,"column":12},"end":{"line":86,"column":13}}],"line":83},"8":{"loc":{"start":{"line":101,"column":12},"end":{"line":104,"column":13}},"type":"if","locations":[{"start":{"line":101,"column":12},"end":{"line":104,"column":13}},{"start":{"line":101,"column":12},"end":{"line":104,"column":13}}],"line":101},"9":{"loc":{"start":{"line":113,"column":12},"end":{"line":116,"column":13}},"type":"if","locations":[{"start":{"line":113,"column":12},"end":{"line":116,"column":13}},{"start":{"line":113,"column":12},"end":{"line":116,"column":13}}],"line":113},"10":{"loc":{"start":{"line":121,"column":8},"end":{"line":127,"column":9}},"type":"if","locations":[{"start":{"line":121,"column":8},"end":{"line":127,"column":9}},{"start":{"line":121,"column":8},"end":{"line":127,"column":9}}],"line":121},"11":{"loc":{"start":{"line":123,"column":15},"end":{"line":127,"column":9}},"type":"if","locations":[{"start":{"line":123,"column":15},"end":{"line":127,"column":9}},{"start":{"line":123,"column":15},"end":{"line":127,"column":9}}],"line":123},"12":{"loc":{"start":{"line":125,"column":15},"end":{"line":127,"column":9}},"type":"if","locations":[{"start":{"line":125,"column":15},"end":{"line":127,"column":9}},{"start":{"line":125,"column":15},"end":{"line":127,"column":9}}],"line":125}},"s":{"0":1,"1":1,"2":1,"3":1,"4":0,"5":0,"6":0,"7":0,"8":0,"9":0,"10":0,"11":0,"12":0,"13":0,"14":0,"15":0,"16":0,"17":0,"18":0,"19":0,"20":0,"21":0,"22":0,"23":0,"24":0,"25":0,"26":0,"27":0,"28":0,"29":0,"30":0,"31":0,"32":0,"33":0,"34":0,"35":0,"36":0,"37":0,"38":0,"39":0,"40":0,"41":0,"42":0,"43":0,"44":0,"45":0,"46":0,"47":0,"48":0,"49":0,"50":0,"51":0,"52":0,"53":0,"54":0,"55":0,"56":0,"57":0,"58":0,"59":0,"60":0,"61":0,"62":0,"63":0,"64":0,"65":0,"66":0,"67":0,"68":0,"69":0,"70":0,"71":0,"72":0,"73":0,"74":0,"75":0,"76":0,"77":0},"f":{"0":0,"1":0,"2":0,"3":0,"4":0,"5":0,"6":0,"7":0,"8":0,"9":0},"b":{"0":[0,0],"1":[0,0],"2":[0,0],"3":[0,0],"4":[0,0],"5":[0,0],"6":[0,0],"7":[0,0],"8":[0,0],"9":[0,0],"10":[0,0],"11":[0,0],"12":[0,0]},"_coverageSchema":"1a1c01bbd47fc00a2c39e90264f33305004495a9","hash":"bdb17e00f07de8deaae07582355947d9c08ef896"}
}
